[debug] [2018-06-07T02:44:44.806Z] ----------------------------------------------------------------------
[debug] [2018-06-07T02:44:44.809Z] Command:       C:\Program Files\nodejs\node.exe C:\Users\praji\AppData\Roaming\npm\node_modules\firebase-tools\bin\firebase deploy --only functions
[debug] [2018-06-07T02:44:44.810Z] CLI Version:   3.18.5
[debug] [2018-06-07T02:44:44.810Z] Platform:      win32
[debug] [2018-06-07T02:44:44.810Z] Node Version:  v8.11.2
[debug] [2018-06-07T02:44:44.810Z] Time:          Thu Jun 07 2018 08:14:44 GMT+0530 (India Standard Time)
[debug] [2018-06-07T02:44:44.810Z] ----------------------------------------------------------------------
[debug] 
[debug] [2018-06-07T02:44:44.855Z] > command requires scopes: ["email","openid","https://www.googleapis.com/auth/cloudplatformprojects.readonly","https://www.googleapis.com/auth/firebase","https://www.googleapis.com/auth/cloud-platform"]
[debug] [2018-06-07T02:44:44.857Z] > authorizing via signed-in user
[debug] [2018-06-07T02:44:44.860Z] > refreshing access token with scopes: ["email","https://www.googleapis.com/auth/cloud-platform","https://www.googleapis.com/auth/cloudplatformprojects.readonly","https://www.googleapis.com/auth/firebase","openid"]
[debug] [2018-06-07T02:44:44.860Z] >>> HTTP REQUEST POST https://www.googleapis.com/oauth2/v3/token  
 { refresh_token: '1/35H1cOxcQ5VrHoRs9-Whq_TiWF-hN_kknHahW3djoVY',
  client_id: '563584335869-fgrhgmd47bqnekij5i8b5pr03ho849e6.apps.googleusercontent.com',
  client_secret: 'j9iVZfS8kkCEFUPaAeJV0sAi',
  grant_type: 'refresh_token',
  scope: 'email https://www.googleapis.com/auth/cloud-platform https://www.googleapis.com/auth/cloudplatformprojects.readonly https://www.googleapis.com/auth/firebase openid' } 
 Thu Jun 07 2018 08:14:44 GMT+0530 (India Standard Time)
[debug] [2018-06-07T02:44:51.751Z] <<< HTTP RESPONSE 200
[debug] [2018-06-07T02:44:51.765Z] >>> HTTP REQUEST GET https://admin.firebase.com/v1/projects/remote-class-notes  
  
 Thu Jun 07 2018 08:14:51 GMT+0530 (India Standard Time)
